mode: set
github.com/neurosimio/simsdk/rpc/simsdkrpc/plugin.pb.go:69.38,73.2 3 0
github.com/neurosimio/simsdk/rpc/simsdkrpc/plugin.pb.go:75.36,77.2 1 0
github.com/neurosimio/simsdk/rpc/simsdkrpc/plugin.pb.go:79.59,81.2 1 0
github.com/neurosimio/simsdk/rpc/simsdkrpc/plugin.pb.go:83.47,85.2 1 0
github.com/neurosimio/simsdk/rpc/simsdkrpc/plugin.pb.go:87.53,89.2 1 0
github.com/neurosimio/simsdk/rpc/simsdkrpc/plugin.pb.go:92.51,94.2 1 0
github.com/neurosimio/simsdk/rpc/simsdkrpc/plugin.pb.go:102.35,107.2 4 0
github.com/neurosimio/simsdk/rpc/simsdkrpc/plugin.pb.go:109.43,111.2 1 0
github.com/neurosimio/simsdk/rpc/simsdkrpc/plugin.pb.go:113.41,113.42 0 0
github.com/neurosimio/simsdk/rpc/simsdkrpc/plugin.pb.go:115.63,117.14 2 0
github.com/neurosimio/simsdk/rpc/simsdkrpc/plugin.pb.go:117.14,119.34 2 0
github.com/neurosimio/simsdk/rpc/simsdkrpc/plugin.pb.go:119.34,121.4 1 0
github.com/neurosimio/simsdk/rpc/simsdkrpc/plugin.pb.go:122.3,122.12 1 0
github.com/neurosimio/simsdk/rpc/simsdkrpc/plugin.pb.go:124.2,124.24 1 0
github.com/neurosimio/simsdk/rpc/simsdkrpc/plugin.pb.go:128.54,130.2 1 0
github.com/neurosimio/simsdk/rpc/simsdkrpc/plugin.pb.go:139.36,144.2 4 0
github.com/neurosimio/simsdk/rpc/simsdkrpc/plugin.pb.go:146.44,148.2 1 0
github.com/neurosimio/simsdk/rpc/simsdkrpc/plugin.pb.go:150.42,150.43 0 0
github.com/neurosimio/simsdk/rpc/simsdkrpc/plugin.pb.go:152.64,154.14 2 0
github.com/neurosimio/simsdk/rpc/simsdkrpc/plugin.pb.go:154.14,156.34 2 0
github.com/neurosimio/simsdk/rpc/simsdkrpc/plugin.pb.go:156.34,158.4 1 0
github.com/neurosimio/simsdk/rpc/simsdkrpc/plugin.pb.go:159.3,159.12 1 0
github.com/neurosimio/simsdk/rpc/simsdkrpc/plugin.pb.go:161.2,161.24 1 0
github.com/neurosimio/simsdk/rpc/simsdkrpc/plugin.pb.go:165.55,167.2 1 0
github.com/neurosimio/simsdk/rpc/simsdkrpc/plugin.pb.go:169.52,170.14 1 0
github.com/neurosimio/simsdk/rpc/simsdkrpc/plugin.pb.go:170.14,172.3 1 0
github.com/neurosimio/simsdk/rpc/simsdkrpc/plugin.pb.go:173.2,173.12 1 0
github.com/neurosimio/simsdk/rpc/simsdkrpc/plugin.pb.go:188.28,193.2 4 0
github.com/neurosimio/simsdk/rpc/simsdkrpc/plugin.pb.go:195.36,197.2 1 0
github.com/neurosimio/simsdk/rpc/simsdkrpc/plugin.pb.go:199.34,199.35 0 0
github.com/neurosimio/simsdk/rpc/simsdkrpc/plugin.pb.go:201.56,203.14 2 0
github.com/neurosimio/simsdk/rpc/simsdkrpc/plugin.pb.go:203.14,205.34 2 0
github.com/neurosimio/simsdk/rpc/simsdkrpc/plugin.pb.go:205.34,207.4 1 0
github.com/neurosimio/simsdk/rpc/simsdkrpc/plugin.pb.go:208.3,208.12 1 0
github.com/neurosimio/simsdk/rpc/simsdkrpc/plugin.pb.go:210.2,210.24 1 0
github.com/neurosimio/simsdk/rpc/simsdkrpc/plugin.pb.go:214.47,216.2 1 0
github.com/neurosimio/simsdk/rpc/simsdkrpc/plugin.pb.go:218.37,219.14 1 0
github.com/neurosimio/simsdk/rpc/simsdkrpc/plugin.pb.go:219.14,221.3 1 0
github.com/neurosimio/simsdk/rpc/simsdkrpc/plugin.pb.go:222.2,222.11 1 0
github.com/neurosimio/simsdk/rpc/simsdkrpc/plugin.pb.go:225.40,226.14 1 0
github.com/neurosimio/simsdk/rpc/simsdkrpc/plugin.pb.go:226.14,228.3 1 0
github.com/neurosimio/simsdk/rpc/simsdkrpc/plugin.pb.go:229.2,229.11 1 0
github.com/neurosimio/simsdk/rpc/simsdkrpc/plugin.pb.go:232.53,233.14 1 0
github.com/neurosimio/simsdk/rpc/simsdkrpc/plugin.pb.go:233.14,235.3 1 0
github.com/neurosimio/simsdk/rpc/simsdkrpc/plugin.pb.go:236.2,236.12 1 0
github.com/neurosimio/simsdk/rpc/simsdkrpc/plugin.pb.go:239.65,240.14 1 0
github.com/neurosimio/simsdk/rpc/simsdkrpc/plugin.pb.go:240.14,242.3 1 0
github.com/neurosimio/simsdk/rpc/simsdkrpc/plugin.pb.go:243.2,243.12 1 0
github.com/neurosimio/simsdk/rpc/simsdkrpc/plugin.pb.go:246.57,247.14 1 0
github.com/neurosimio/simsdk/rpc/simsdkrpc/plugin.pb.go:247.14,249.3 1 0
github.com/neurosimio/simsdk/rpc/simsdkrpc/plugin.pb.go:250.2,250.12 1 0
github.com/neurosimio/simsdk/rpc/simsdkrpc/plugin.pb.go:253.57,254.14 1 0
github.com/neurosimio/simsdk/rpc/simsdkrpc/plugin.pb.go:254.14,256.3 1 0
github.com/neurosimio/simsdk/rpc/simsdkrpc/plugin.pb.go:257.2,257.12 1 0
github.com/neurosimio/simsdk/rpc/simsdkrpc/plugin.pb.go:270.31,275.2 4 0
github.com/neurosimio/simsdk/rpc/simsdkrpc/plugin.pb.go:277.39,279.2 1 0
github.com/neurosimio/simsdk/rpc/simsdkrpc/plugin.pb.go:281.37,281.38 0 0
github.com/neurosimio/simsdk/rpc/simsdkrpc/plugin.pb.go:283.59,285.14 2 0
github.com/neurosimio/simsdk/rpc/simsdkrpc/plugin.pb.go:285.14,287.34 2 0
github.com/neurosimio/simsdk/rpc/simsdkrpc/plugin.pb.go:287.34,289.4 1 0
github.com/neurosimio/simsdk/rpc/simsdkrpc/plugin.pb.go:290.3,290.12 1 0
github.com/neurosimio/simsdk/rpc/simsdkrpc/plugin.pb.go:292.2,292.24 1 0
github.com/neurosimio/simsdk/rpc/simsdkrpc/plugin.pb.go:296.50,298.2 1 0
github.com/neurosimio/simsdk/rpc/simsdkrpc/plugin.pb.go:300.38,301.14 1 0
github.com/neurosimio/simsdk/rpc/simsdkrpc/plugin.pb.go:301.14,303.3 1 0
github.com/neurosimio/simsdk/rpc/simsdkrpc/plugin.pb.go:304.2,304.11 1 0
github.com/neurosimio/simsdk/rpc/simsdkrpc/plugin.pb.go:307.47,308.14 1 0
github.com/neurosimio/simsdk/rpc/simsdkrpc/plugin.pb.go:308.14,310.3 1 0
github.com/neurosimio/simsdk/rpc/simsdkrpc/plugin.pb.go:311.2,311.11 1 0
github.com/neurosimio/simsdk/rpc/simsdkrpc/plugin.pb.go:314.47,315.14 1 0
github.com/neurosimio/simsdk/rpc/simsdkrpc/plugin.pb.go:315.14,317.3 1 0
github.com/neurosimio/simsdk/rpc/simsdkrpc/plugin.pb.go:318.2,318.11 1 0
github.com/neurosimio/simsdk/rpc/simsdkrpc/plugin.pb.go:321.48,322.14 1 0
github.com/neurosimio/simsdk/rpc/simsdkrpc/plugin.pb.go:322.14,324.3 1 0
github.com/neurosimio/simsdk/rpc/simsdkrpc/plugin.pb.go:325.2,325.12 1 0
github.com/neurosimio/simsdk/rpc/simsdkrpc/plugin.pb.go:338.39,343.2 4 0
github.com/neurosimio/simsdk/rpc/simsdkrpc/plugin.pb.go:345.47,347.2 1 0
github.com/neurosimio/simsdk/rpc/simsdkrpc/plugin.pb.go:349.45,349.46 0 0
github.com/neurosimio/simsdk/rpc/simsdkrpc/plugin.pb.go:351.67,353.14 2 0
github.com/neurosimio/simsdk/rpc/simsdkrpc/plugin.pb.go:353.14,355.34 2 0
github.com/neurosimio/simsdk/rpc/simsdkrpc/plugin.pb.go:355.34,357.4 1 0
github.com/neurosimio/simsdk/rpc/simsdkrpc/plugin.pb.go:358.3,358.12 1 0
github.com/neurosimio/simsdk/rpc/simsdkrpc/plugin.pb.go:360.2,360.24 1 0
github.com/neurosimio/simsdk/rpc/simsdkrpc/plugin.pb.go:364.58,366.2 1 0
github.com/neurosimio/simsdk/rpc/simsdkrpc/plugin.pb.go:368.46,369.14 1 0
github.com/neurosimio/simsdk/rpc/simsdkrpc/plugin.pb.go:369.14,371.3 1 0
github.com/neurosimio/simsdk/rpc/simsdkrpc/plugin.pb.go:372.2,372.11 1 0
github.com/neurosimio/simsdk/rpc/simsdkrpc/plugin.pb.go:375.55,376.14 1 0
github.com/neurosimio/simsdk/rpc/simsdkrpc/plugin.pb.go:376.14,378.3 1 0
github.com/neurosimio/simsdk/rpc/simsdkrpc/plugin.pb.go:379.2,379.11 1 0
github.com/neurosimio/simsdk/rpc/simsdkrpc/plugin.pb.go:382.55,383.14 1 0
github.com/neurosimio/simsdk/rpc/simsdkrpc/plugin.pb.go:383.14,385.3 1 0
github.com/neurosimio/simsdk/rpc/simsdkrpc/plugin.pb.go:386.2,386.11 1 0
github.com/neurosimio/simsdk/rpc/simsdkrpc/plugin.pb.go:389.56,390.14 1 0
github.com/neurosimio/simsdk/rpc/simsdkrpc/plugin.pb.go:390.14,392.3 1 0
github.com/neurosimio/simsdk/rpc/simsdkrpc/plugin.pb.go:393.2,393.12 1 0
github.com/neurosimio/simsdk/rpc/simsdkrpc/plugin.pb.go:407.33,412.2 4 0
github.com/neurosimio/simsdk/rpc/simsdkrpc/plugin.pb.go:414.41,416.2 1 0
github.com/neurosimio/simsdk/rpc/simsdkrpc/plugin.pb.go:418.39,418.40 0 0
github.com/neurosimio/simsdk/rpc/simsdkrpc/plugin.pb.go:420.61,422.14 2 0
github.com/neurosimio/simsdk/rpc/simsdkrpc/plugin.pb.go:422.14,424.34 2 0
github.com/neurosimio/simsdk/rpc/simsdkrpc/plugin.pb.go:424.34,426.4 1 0
github.com/neurosimio/simsdk/rpc/simsdkrpc/plugin.pb.go:427.3,427.12 1 0
github.com/neurosimio/simsdk/rpc/simsdkrpc/plugin.pb.go:429.2,429.24 1 0
github.com/neurosimio/simsdk/rpc/simsdkrpc/plugin.pb.go:433.52,435.2 1 0
github.com/neurosimio/simsdk/rpc/simsdkrpc/plugin.pb.go:437.40,438.14 1 0
github.com/neurosimio/simsdk/rpc/simsdkrpc/plugin.pb.go:438.14,440.3 1 0
github.com/neurosimio/simsdk/rpc/simsdkrpc/plugin.pb.go:441.2,441.11 1 0
github.com/neurosimio/simsdk/rpc/simsdkrpc/plugin.pb.go:444.49,445.14 1 0
github.com/neurosimio/simsdk/rpc/simsdkrpc/plugin.pb.go:445.14,447.3 1 0
github.com/neurosimio/simsdk/rpc/simsdkrpc/plugin.pb.go:448.2,448.11 1 0
github.com/neurosimio/simsdk/rpc/simsdkrpc/plugin.pb.go:451.44,452.14 1 0
github.com/neurosimio/simsdk/rpc/simsdkrpc/plugin.pb.go:452.14,454.3 1 0
github.com/neurosimio/simsdk/rpc/simsdkrpc/plugin.pb.go:455.2,455.14 1 0
github.com/neurosimio/simsdk/rpc/simsdkrpc/plugin.pb.go:458.49,459.14 1 0
github.com/neurosimio/simsdk/rpc/simsdkrpc/plugin.pb.go:459.14,461.3 1 0
github.com/neurosimio/simsdk/rpc/simsdkrpc/plugin.pb.go:462.2,462.11 1 0
github.com/neurosimio/simsdk/rpc/simsdkrpc/plugin.pb.go:465.61,466.14 1 0
github.com/neurosimio/simsdk/rpc/simsdkrpc/plugin.pb.go:466.14,468.3 1 0
github.com/neurosimio/simsdk/rpc/simsdkrpc/plugin.pb.go:469.2,469.14 1 0
github.com/neurosimio/simsdk/rpc/simsdkrpc/plugin.pb.go:482.33,487.2 4 0
github.com/neurosimio/simsdk/rpc/simsdkrpc/plugin.pb.go:489.41,491.2 1 0
github.com/neurosimio/simsdk/rpc/simsdkrpc/plugin.pb.go:493.39,493.40 0 0
github.com/neurosimio/simsdk/rpc/simsdkrpc/plugin.pb.go:495.61,497.14 2 0
github.com/neurosimio/simsdk/rpc/simsdkrpc/plugin.pb.go:497.14,499.34 2 0
github.com/neurosimio/simsdk/rpc/simsdkrpc/plugin.pb.go:499.34,501.4 1 0
github.com/neurosimio/simsdk/rpc/simsdkrpc/plugin.pb.go:502.3,502.12 1 0
github.com/neurosimio/simsdk/rpc/simsdkrpc/plugin.pb.go:504.2,504.24 1 0
github.com/neurosimio/simsdk/rpc/simsdkrpc/plugin.pb.go:508.52,510.2 1 0
github.com/neurosimio/simsdk/rpc/simsdkrpc/plugin.pb.go:512.40,513.14 1 0
github.com/neurosimio/simsdk/rpc/simsdkrpc/plugin.pb.go:513.14,515.3 1 0
github.com/neurosimio/simsdk/rpc/simsdkrpc/plugin.pb.go:516.2,516.11 1 0
github.com/neurosimio/simsdk/rpc/simsdkrpc/plugin.pb.go:519.49,520.14 1 0
github.com/neurosimio/simsdk/rpc/simsdkrpc/plugin.pb.go:520.14,522.3 1 0
github.com/neurosimio/simsdk/rpc/simsdkrpc/plugin.pb.go:523.2,523.11 1 0
github.com/neurosimio/simsdk/rpc/simsdkrpc/plugin.pb.go:526.49,527.14 1 0
github.com/neurosimio/simsdk/rpc/simsdkrpc/plugin.pb.go:527.14,529.3 1 0
github.com/neurosimio/simsdk/rpc/simsdkrpc/plugin.pb.go:530.2,530.11 1 0
github.com/neurosimio/simsdk/rpc/simsdkrpc/plugin.pb.go:533.44,534.14 1 0
github.com/neurosimio/simsdk/rpc/simsdkrpc/plugin.pb.go:534.14,536.3 1 0
github.com/neurosimio/simsdk/rpc/simsdkrpc/plugin.pb.go:537.2,537.14 1 0
github.com/neurosimio/simsdk/rpc/simsdkrpc/plugin.pb.go:554.29,559.2 4 0
github.com/neurosimio/simsdk/rpc/simsdkrpc/plugin.pb.go:561.37,563.2 1 0
github.com/neurosimio/simsdk/rpc/simsdkrpc/plugin.pb.go:565.35,565.36 0 0
github.com/neurosimio/simsdk/rpc/simsdkrpc/plugin.pb.go:567.57,569.14 2 0
github.com/neurosimio/simsdk/rpc/simsdkrpc/plugin.pb.go:569.14,571.34 2 0
github.com/neurosimio/simsdk/rpc/simsdkrpc/plugin.pb.go:571.34,573.4 1 0
github.com/neurosimio/simsdk/rpc/simsdkrpc/plugin.pb.go:574.3,574.12 1 0
github.com/neurosimio/simsdk/rpc/simsdkrpc/plugin.pb.go:576.2,576.24 1 0
github.com/neurosimio/simsdk/rpc/simsdkrpc/plugin.pb.go:580.48,582.2 1 0
github.com/neurosimio/simsdk/rpc/simsdkrpc/plugin.pb.go:584.38,585.14 1 0
github.com/neurosimio/simsdk/rpc/simsdkrpc/plugin.pb.go:585.14,587.3 1 0
github.com/neurosimio/simsdk/rpc/simsdkrpc/plugin.pb.go:588.2,588.11 1 0
github.com/neurosimio/simsdk/rpc/simsdkrpc/plugin.pb.go:591.41,592.14 1 0
github.com/neurosimio/simsdk/rpc/simsdkrpc/plugin.pb.go:592.14,594.3 1 0
github.com/neurosimio/simsdk/rpc/simsdkrpc/plugin.pb.go:595.2,595.41 1 0
github.com/neurosimio/simsdk/rpc/simsdkrpc/plugin.pb.go:598.40,599.14 1 0
github.com/neurosimio/simsdk/rpc/simsdkrpc/plugin.pb.go:599.14,601.3 1 0
github.com/neurosimio/simsdk/rpc/simsdkrpc/plugin.pb.go:602.2,602.14 1 0
github.com/neurosimio/simsdk/rpc/simsdkrpc/plugin.pb.go:605.46,606.14 1 0
github.com/neurosimio/simsdk/rpc/simsdkrpc/plugin.pb.go:606.14,608.3 1 0
github.com/neurosimio/simsdk/rpc/simsdkrpc/plugin.pb.go:609.2,609.12 1 0
github.com/neurosimio/simsdk/rpc/simsdkrpc/plugin.pb.go:612.40,613.14 1 0
github.com/neurosimio/simsdk/rpc/simsdkrpc/plugin.pb.go:613.14,615.3 1 0
github.com/neurosimio/simsdk/rpc/simsdkrpc/plugin.pb.go:616.2,616.14 1 0
github.com/neurosimio/simsdk/rpc/simsdkrpc/plugin.pb.go:619.45,620.14 1 0
github.com/neurosimio/simsdk/rpc/simsdkrpc/plugin.pb.go:620.14,622.3 1 0
github.com/neurosimio/simsdk/rpc/simsdkrpc/plugin.pb.go:623.2,623.11 1 0
github.com/neurosimio/simsdk/rpc/simsdkrpc/plugin.pb.go:626.44,627.14 1 0
github.com/neurosimio/simsdk/rpc/simsdkrpc/plugin.pb.go:627.14,629.3 1 0
github.com/neurosimio/simsdk/rpc/simsdkrpc/plugin.pb.go:630.2,630.41 1 0
github.com/neurosimio/simsdk/rpc/simsdkrpc/plugin.pb.go:633.52,634.14 1 0
github.com/neurosimio/simsdk/rpc/simsdkrpc/plugin.pb.go:634.14,636.3 1 0
github.com/neurosimio/simsdk/rpc/simsdkrpc/plugin.pb.go:637.2,637.12 1 0
github.com/neurosimio/simsdk/rpc/simsdkrpc/plugin.pb.go:649.42,654.2 4 0
github.com/neurosimio/simsdk/rpc/simsdkrpc/plugin.pb.go:656.50,658.2 1 0
github.com/neurosimio/simsdk/rpc/simsdkrpc/plugin.pb.go:660.48,660.49 0 0
github.com/neurosimio/simsdk/rpc/simsdkrpc/plugin.pb.go:662.70,664.14 2 0
github.com/neurosimio/simsdk/rpc/simsdkrpc/plugin.pb.go:664.14,666.34 2 0
github.com/neurosimio/simsdk/rpc/simsdkrpc/plugin.pb.go:666.34,668.4 1 0
github.com/neurosimio/simsdk/rpc/simsdkrpc/plugin.pb.go:669.3,669.12 1 0
github.com/neurosimio/simsdk/rpc/simsdkrpc/plugin.pb.go:671.2,671.24 1 0
github.com/neurosimio/simsdk/rpc/simsdkrpc/plugin.pb.go:675.61,677.2 1 0
github.com/neurosimio/simsdk/rpc/simsdkrpc/plugin.pb.go:679.60,680.14 1 0
github.com/neurosimio/simsdk/rpc/simsdkrpc/plugin.pb.go:680.14,682.3 1 0
github.com/neurosimio/simsdk/rpc/simsdkrpc/plugin.pb.go:683.2,683.11 1 0
github.com/neurosimio/simsdk/rpc/simsdkrpc/plugin.pb.go:686.58,687.14 1 0
github.com/neurosimio/simsdk/rpc/simsdkrpc/plugin.pb.go:687.14,689.3 1 0
github.com/neurosimio/simsdk/rpc/simsdkrpc/plugin.pb.go:690.2,690.11 1 0
github.com/neurosimio/simsdk/rpc/simsdkrpc/plugin.pb.go:693.68,694.14 1 0
github.com/neurosimio/simsdk/rpc/simsdkrpc/plugin.pb.go:694.14,696.3 1 0
github.com/neurosimio/simsdk/rpc/simsdkrpc/plugin.pb.go:697.2,697.12 1 0
github.com/neurosimio/simsdk/rpc/simsdkrpc/plugin.pb.go:706.43,711.2 4 0
github.com/neurosimio/simsdk/rpc/simsdkrpc/plugin.pb.go:713.51,715.2 1 0
github.com/neurosimio/simsdk/rpc/simsdkrpc/plugin.pb.go:717.49,717.50 0 0
github.com/neurosimio/simsdk/rpc/simsdkrpc/plugin.pb.go:719.71,721.14 2 0
github.com/neurosimio/simsdk/rpc/simsdkrpc/plugin.pb.go:721.14,723.34 2 0
github.com/neurosimio/simsdk/rpc/simsdkrpc/plugin.pb.go:723.34,725.4 1 0
github.com/neurosimio/simsdk/rpc/simsdkrpc/plugin.pb.go:726.3,726.12 1 0
github.com/neurosimio/simsdk/rpc/simsdkrpc/plugin.pb.go:728.2,728.24 1 0
github.com/neurosimio/simsdk/rpc/simsdkrpc/plugin.pb.go:732.62,734.2 1 0
github.com/neurosimio/simsdk/rpc/simsdkrpc/plugin.pb.go:747.30,752.2 4 0
github.com/neurosimio/simsdk/rpc/simsdkrpc/plugin.pb.go:754.38,756.2 1 0
github.com/neurosimio/simsdk/rpc/simsdkrpc/plugin.pb.go:758.36,758.37 0 0
github.com/neurosimio/simsdk/rpc/simsdkrpc/plugin.pb.go:760.58,762.14 2 0
github.com/neurosimio/simsdk/rpc/simsdkrpc/plugin.pb.go:762.14,764.34 2 0
github.com/neurosimio/simsdk/rpc/simsdkrpc/plugin.pb.go:764.34,766.4 1 0
github.com/neurosimio/simsdk/rpc/simsdkrpc/plugin.pb.go:767.3,767.12 1 0
github.com/neurosimio/simsdk/rpc/simsdkrpc/plugin.pb.go:769.2,769.24 1 0
github.com/neurosimio/simsdk/rpc/simsdkrpc/plugin.pb.go:773.49,775.2 1 0
github.com/neurosimio/simsdk/rpc/simsdkrpc/plugin.pb.go:777.46,778.14 1 0
github.com/neurosimio/simsdk/rpc/simsdkrpc/plugin.pb.go:778.14,780.3 1 0
github.com/neurosimio/simsdk/rpc/simsdkrpc/plugin.pb.go:781.2,781.11 1 0
github.com/neurosimio/simsdk/rpc/simsdkrpc/plugin.pb.go:784.44,785.14 1 0
github.com/neurosimio/simsdk/rpc/simsdkrpc/plugin.pb.go:785.14,787.3 1 0
github.com/neurosimio/simsdk/rpc/simsdkrpc/plugin.pb.go:788.2,788.11 1 0
github.com/neurosimio/simsdk/rpc/simsdkrpc/plugin.pb.go:791.46,792.14 1 0
github.com/neurosimio/simsdk/rpc/simsdkrpc/plugin.pb.go:792.14,794.3 1 0
github.com/neurosimio/simsdk/rpc/simsdkrpc/plugin.pb.go:795.2,795.11 1 0
github.com/neurosimio/simsdk/rpc/simsdkrpc/plugin.pb.go:798.42,799.14 1 0
github.com/neurosimio/simsdk/rpc/simsdkrpc/plugin.pb.go:799.14,801.3 1 0
github.com/neurosimio/simsdk/rpc/simsdkrpc/plugin.pb.go:802.2,802.12 1 0
github.com/neurosimio/simsdk/rpc/simsdkrpc/plugin.pb.go:805.54,806.14 1 0
github.com/neurosimio/simsdk/rpc/simsdkrpc/plugin.pb.go:806.14,808.3 1 0
github.com/neurosimio/simsdk/rpc/simsdkrpc/plugin.pb.go:809.2,809.12 1 0
github.com/neurosimio/simsdk/rpc/simsdkrpc/plugin.pb.go:819.35,824.2 4 0
github.com/neurosimio/simsdk/rpc/simsdkrpc/plugin.pb.go:826.43,828.2 1 0
github.com/neurosimio/simsdk/rpc/simsdkrpc/plugin.pb.go:830.41,830.42 0 0
github.com/neurosimio/simsdk/rpc/simsdkrpc/plugin.pb.go:832.63,834.14 2 0
github.com/neurosimio/simsdk/rpc/simsdkrpc/plugin.pb.go:834.14,836.34 2 0
github.com/neurosimio/simsdk/rpc/simsdkrpc/plugin.pb.go:836.34,838.4 1 0
github.com/neurosimio/simsdk/rpc/simsdkrpc/plugin.pb.go:839.3,839.12 1 0
github.com/neurosimio/simsdk/rpc/simsdkrpc/plugin.pb.go:841.2,841.24 1 0
github.com/neurosimio/simsdk/rpc/simsdkrpc/plugin.pb.go:845.54,847.2 1 0
github.com/neurosimio/simsdk/rpc/simsdkrpc/plugin.pb.go:849.63,850.14 1 0
github.com/neurosimio/simsdk/rpc/simsdkrpc/plugin.pb.go:850.14,852.3 1 0
github.com/neurosimio/simsdk/rpc/simsdkrpc/plugin.pb.go:853.2,853.12 1 0
github.com/neurosimio/simsdk/rpc/simsdkrpc/plugin.pb.go:949.45,950.42 1 0
github.com/neurosimio/simsdk/rpc/simsdkrpc/plugin.pb.go:950.42,952.3 1 0
github.com/neurosimio/simsdk/rpc/simsdkrpc/plugin.pb.go:953.2,953.38 1 0
github.com/neurosimio/simsdk/rpc/simsdkrpc/plugin.pb.go:1006.13,1006.41 1 0
github.com/neurosimio/simsdk/rpc/simsdkrpc/plugin.pb.go:1007.31,1008.30 1 0
github.com/neurosimio/simsdk/rpc/simsdkrpc/plugin.pb.go:1008.30,1010.3 1 0
github.com/neurosimio/simsdk/rpc/simsdkrpc/plugin.pb.go:1011.2,1028.33 5 0
github.com/neurosimio/simsdk/rpc/simsdkrpc/plugin_grpc.pb.go:44.78,46.2 1 0
github.com/neurosimio/simsdk/rpc/simsdkrpc/plugin_grpc.pb.go:48.137,52.16 4 0
github.com/neurosimio/simsdk/rpc/simsdkrpc/plugin_grpc.pb.go:52.16,54.3 1 0
github.com/neurosimio/simsdk/rpc/simsdkrpc/plugin_grpc.pb.go:55.2,55.17 1 0
github.com/neurosimio/simsdk/rpc/simsdkrpc/plugin_grpc.pb.go:58.163,62.16 4 0
github.com/neurosimio/simsdk/rpc/simsdkrpc/plugin_grpc.pb.go:62.16,64.3 1 0
github.com/neurosimio/simsdk/rpc/simsdkrpc/plugin_grpc.pb.go:65.2,65.17 1 0
github.com/neurosimio/simsdk/rpc/simsdkrpc/plugin_grpc.pb.go:68.154,72.16 4 0
github.com/neurosimio/simsdk/rpc/simsdkrpc/plugin_grpc.pb.go:72.16,74.3 1 0
github.com/neurosimio/simsdk/rpc/simsdkrpc/plugin_grpc.pb.go:75.2,75.17 1 0
github.com/neurosimio/simsdk/rpc/simsdkrpc/plugin_grpc.pb.go:78.133,82.16 4 0
github.com/neurosimio/simsdk/rpc/simsdkrpc/plugin_grpc.pb.go:82.16,84.3 1 0
github.com/neurosimio/simsdk/rpc/simsdkrpc/plugin_grpc.pb.go:85.2,85.17 1 0
github.com/neurosimio/simsdk/rpc/simsdkrpc/plugin_grpc.pb.go:106.115,108.2 1 0
github.com/neurosimio/simsdk/rpc/simsdkrpc/plugin_grpc.pb.go:109.141,111.2 1 0
github.com/neurosimio/simsdk/rpc/simsdkrpc/plugin_grpc.pb.go:112.132,114.2 1 0
github.com/neurosimio/simsdk/rpc/simsdkrpc/plugin_grpc.pb.go:115.111,117.2 1 0
github.com/neurosimio/simsdk/rpc/simsdkrpc/plugin_grpc.pb.go:118.86,118.87 0 0
github.com/neurosimio/simsdk/rpc/simsdkrpc/plugin_grpc.pb.go:119.86,119.87 0 0
github.com/neurosimio/simsdk/rpc/simsdkrpc/plugin_grpc.pb.go:128.84,133.59 1 0
github.com/neurosimio/simsdk/rpc/simsdkrpc/plugin_grpc.pb.go:133.59,135.3 1 0
github.com/neurosimio/simsdk/rpc/simsdkrpc/plugin_grpc.pb.go:136.2,136.52 1 0
github.com/neurosimio/simsdk/rpc/simsdkrpc/plugin_grpc.pb.go:139.170,141.32 2 0
github.com/neurosimio/simsdk/rpc/simsdkrpc/plugin_grpc.pb.go:141.32,143.3 1 0
github.com/neurosimio/simsdk/rpc/simsdkrpc/plugin_grpc.pb.go:144.2,144.24 1 0
github.com/neurosimio/simsdk/rpc/simsdkrpc/plugin_grpc.pb.go:144.24,146.3 1 0
github.com/neurosimio/simsdk/rpc/simsdkrpc/plugin_grpc.pb.go:147.2,151.77 2 0
github.com/neurosimio/simsdk/rpc/simsdkrpc/plugin_grpc.pb.go:151.77,153.3 1 0
github.com/neurosimio/simsdk/rpc/simsdkrpc/plugin_grpc.pb.go:154.2,154.44 1 0
github.com/neurosimio/simsdk/rpc/simsdkrpc/plugin_grpc.pb.go:157.182,159.32 2 0
github.com/neurosimio/simsdk/rpc/simsdkrpc/plugin_grpc.pb.go:159.32,161.3 1 0
github.com/neurosimio/simsdk/rpc/simsdkrpc/plugin_grpc.pb.go:162.2,162.24 1 0
github.com/neurosimio/simsdk/rpc/simsdkrpc/plugin_grpc.pb.go:162.24,164.3 1 0
github.com/neurosimio/simsdk/rpc/simsdkrpc/plugin_grpc.pb.go:165.2,169.77 2 0
github.com/neurosimio/simsdk/rpc/simsdkrpc/plugin_grpc.pb.go:169.77,171.3 1 0
github.com/neurosimio/simsdk/rpc/simsdkrpc/plugin_grpc.pb.go:172.2,172.44 1 0
github.com/neurosimio/simsdk/rpc/simsdkrpc/plugin_grpc.pb.go:175.183,177.32 2 0
github.com/neurosimio/simsdk/rpc/simsdkrpc/plugin_grpc.pb.go:177.32,179.3 1 0
github.com/neurosimio/simsdk/rpc/simsdkrpc/plugin_grpc.pb.go:180.2,180.24 1 0
github.com/neurosimio/simsdk/rpc/simsdkrpc/plugin_grpc.pb.go:180.24,182.3 1 0
github.com/neurosimio/simsdk/rpc/simsdkrpc/plugin_grpc.pb.go:183.2,187.77 2 0
github.com/neurosimio/simsdk/rpc/simsdkrpc/plugin_grpc.pb.go:187.77,189.3 1 0
github.com/neurosimio/simsdk/rpc/simsdkrpc/plugin_grpc.pb.go:190.2,190.44 1 0
github.com/neurosimio/simsdk/rpc/simsdkrpc/plugin_grpc.pb.go:193.172,195.32 2 0
github.com/neurosimio/simsdk/rpc/simsdkrpc/plugin_grpc.pb.go:195.32,197.3 1 0
github.com/neurosimio/simsdk/rpc/simsdkrpc/plugin_grpc.pb.go:198.2,198.24 1 0
github.com/neurosimio/simsdk/rpc/simsdkrpc/plugin_grpc.pb.go:198.24,200.3 1 0
github.com/neurosimio/simsdk/rpc/simsdkrpc/plugin_grpc.pb.go:201.2,205.77 2 0
github.com/neurosimio/simsdk/rpc/simsdkrpc/plugin_grpc.pb.go:205.77,207.3 1 0
github.com/neurosimio/simsdk/rpc/simsdkrpc/plugin_grpc.pb.go:208.2,208.44 1 0
github.com/neurosimio/simsdk/adapter.go:16.73,18.2 1 1
github.com/neurosimio/simsdk/adapter.go:20.123,24.2 1 1
github.com/neurosimio/simsdk/adapter.go:26.151,29.16 3 1
github.com/neurosimio/simsdk/adapter.go:29.16,31.3 1 1
github.com/neurosimio/simsdk/adapter.go:32.2,32.50 1 1
github.com/neurosimio/simsdk/adapter.go:35.121,37.2 1 1
github.com/neurosimio/simsdk/adapter.go:39.121,42.16 3 1
github.com/neurosimio/simsdk/adapter.go:42.16,44.3 1 1
github.com/neurosimio/simsdk/adapter.go:46.2,47.31 2 1
github.com/neurosimio/simsdk/adapter.go:47.31,49.3 1 1
github.com/neurosimio/simsdk/adapter.go:50.2,50.22 1 1
github.com/neurosimio/simsdk/adapter.go:55.100,61.2 1 1
github.com/neurosimio/simsdk/adapter.go:63.62,71.2 1 1
github.com/neurosimio/simsdk/adapter.go:73.60,81.2 1 1
github.com/neurosimio/simsdk/converter.go:7.54,13.36 2 1
github.com/neurosimio/simsdk/converter.go:13.36,15.3 1 1
github.com/neurosimio/simsdk/converter.go:16.2,16.40 1 1
github.com/neurosimio/simsdk/converter.go:16.40,18.3 1 1
github.com/neurosimio/simsdk/converter.go:19.2,19.39 1 1
github.com/neurosimio/simsdk/converter.go:19.39,27.3 1 1
github.com/neurosimio/simsdk/converter.go:28.2,28.37 1 1
github.com/neurosimio/simsdk/converter.go:28.37,35.3 1 1
github.com/neurosimio/simsdk/converter.go:37.2,37.14 1 1
github.com/neurosimio/simsdk/converter.go:40.64,47.2 1 1
github.com/neurosimio/simsdk/converter.go:49.84,56.2 1 1
github.com/neurosimio/simsdk/converter.go:58.67,60.27 2 1
github.com/neurosimio/simsdk/converter.go:60.27,62.3 1 1
github.com/neurosimio/simsdk/converter.go:63.2,63.12 1 1
github.com/neurosimio/simsdk/converter.go:66.57,76.22 2 1
github.com/neurosimio/simsdk/converter.go:76.22,78.3 1 1
github.com/neurosimio/simsdk/converter.go:79.2,79.14 1 1
github.com/neurosimio/simsdk/converter.go:82.57,83.12 1 1
github.com/neurosimio/simsdk/converter.go:84.19,85.36 1 1
github.com/neurosimio/simsdk/converter.go:86.16,87.33 1 1
github.com/neurosimio/simsdk/converter.go:88.17,89.34 1 1
github.com/neurosimio/simsdk/converter.go:90.18,91.35 1 1
github.com/neurosimio/simsdk/converter.go:92.17,93.34 1 1
github.com/neurosimio/simsdk/converter.go:94.17,95.34 1 1
github.com/neurosimio/simsdk/converter.go:96.22,97.39 1 1
github.com/neurosimio/simsdk/converter.go:98.21,99.38 1 1
github.com/neurosimio/simsdk/converter.go:100.19,101.36 1 1
github.com/neurosimio/simsdk/converter.go:102.10,103.52 1 1
github.com/neurosimio/simsdk/converter.go:107.56,116.2 1 1
github.com/neurosimio/simsdk/converter.go:118.74,120.27 2 1
github.com/neurosimio/simsdk/converter.go:120.27,127.3 1 1
github.com/neurosimio/simsdk/converter.go:128.2,128.15 1 1
github.com/neurosimio/simsdk/converter.go:131.94,133.27 2 1
github.com/neurosimio/simsdk/converter.go:133.27,140.3 1 1
github.com/neurosimio/simsdk/converter.go:141.2,141.15 1 1
github.com/neurosimio/simsdk/converter.go:144.80,146.27 2 1
github.com/neurosimio/simsdk/converter.go:146.27,154.3 1 1
github.com/neurosimio/simsdk/converter.go:155.2,155.15 1 1
github.com/neurosimio/simsdk/converter.go:158.80,160.26 2 1
github.com/neurosimio/simsdk/converter.go:160.26,167.3 1 1
github.com/neurosimio/simsdk/converter.go:168.2,168.15 1 1
github.com/neurosimio/simsdk/converter.go:171.68,173.26 2 1
github.com/neurosimio/simsdk/converter.go:173.26,175.3 1 1
github.com/neurosimio/simsdk/converter.go:176.2,176.15 1 1
github.com/neurosimio/simsdk/converter.go:179.59,189.61 2 1
github.com/neurosimio/simsdk/converter.go:189.61,192.3 2 1
github.com/neurosimio/simsdk/converter.go:193.2,193.14 1 1
github.com/neurosimio/simsdk/converter.go:196.59,197.12 1 1
github.com/neurosimio/simsdk/converter.go:198.34,199.21 1 1
github.com/neurosimio/simsdk/converter.go:200.31,201.18 1 1
github.com/neurosimio/simsdk/converter.go:202.32,203.19 1 1
github.com/neurosimio/simsdk/converter.go:204.33,205.20 1 1
github.com/neurosimio/simsdk/converter.go:206.32,207.19 1 1
github.com/neurosimio/simsdk/converter.go:208.32,209.19 1 1
github.com/neurosimio/simsdk/converter.go:210.37,211.24 1 1
github.com/neurosimio/simsdk/converter.go:212.36,213.23 1 1
github.com/neurosimio/simsdk/converter.go:214.34,215.21 1 1
github.com/neurosimio/simsdk/converter.go:216.10,217.45 1 1
github.com/neurosimio/simsdk/plugin.go:22.35,24.2 1 1
github.com/neurosimio/simsdk/plugin.go:27.45,29.2 1 1
github.com/neurosimio/simsdk/utils.go:3.43,5.2 1 0
